obj\Debug\netstandard2.1\blazor\unlinked\Switchel_PWA.dll
obj\Debug\netstandard2.1\blazor\unlinked\Microsoft.Extensions.Logging.Console.dll
obj\Debug\netstandard2.1\blazor\unlinked\Microsoft.Extensions.DependencyInjection.Abstractions.dll
obj\Debug\netstandard2.1\blazor\unlinked\netstandard.dll
obj\Debug\netstandard2.1\blazor\unlinked\System.Xml.Linq.dll
obj\Debug\netstandard2.1\blazor\unlinked\System.Core.dll
obj\Debug\netstandard2.1\blazor\unlinked\System.dll
obj\Debug\netstandard2.1\blazor\unlinked\WebAssembly.Net.WebSockets.dll
obj\Debug\netstandard2.1\blazor\unlinked\System.Memory.dll
obj\Debug\netstandard2.1\blazor\unlinked\mscorlib.dll
obj\Debug\netstandard2.1\blazor\unlinked\WebAssembly.Bindings.dll
obj\Debug\netstandard2.1\blazor\unlinked\System.Numerics.dll
obj\Debug\netstandard2.1\blazor\unlinked\System.Xml.dll
obj\Debug\netstandard2.1\blazor\unlinked\Mono.Security.dll
obj\Debug\netstandard2.1\blazor\unlinked\System.Transactions.dll
obj\Debug\netstandard2.1\blazor\unlinked\System.Runtime.Serialization.dll
obj\Debug\netstandard2.1\blazor\unlinked\System.ServiceModel.Internals.dll
obj\Debug\netstandard2.1\blazor\unlinked\System.Net.Http.dll
obj\Debug\netstandard2.1\blazor\unlinked\System.Net.Http.WebAssemblyHttpHandler.dll
obj\Debug\netstandard2.1\blazor\unlinked\System.ComponentModel.Composition.dll
obj\Debug\netstandard2.1\blazor\unlinked\System.IO.Compression.FileSystem.dll
obj\Debug\netstandard2.1\blazor\unlinked\System.IO.Compression.dll
obj\Debug\netstandard2.1\blazor\unlinked\System.Drawing.Common.dll
obj\Debug\netstandard2.1\blazor\unlinked\System.Data.DataSetExtensions.dll
obj\Debug\netstandard2.1\blazor\unlinked\System.Data.dll
obj\Debug\netstandard2.1\blazor\unlinked\Microsoft.Extensions.Logging.Configuration.dll
obj\Debug\netstandard2.1\blazor\unlinked\Microsoft.Extensions.Configuration.Binder.dll
obj\Debug\netstandard2.1\blazor\unlinked\Microsoft.Extensions.Configuration.Abstractions.dll
obj\Debug\netstandard2.1\blazor\unlinked\Microsoft.Extensions.Primitives.dll
obj\Debug\netstandard2.1\blazor\unlinked\System.Runtime.CompilerServices.Unsafe.dll
obj\Debug\netstandard2.1\blazor\unlinked\Microsoft.Extensions.Options.ConfigurationExtensions.dll
obj\Debug\netstandard2.1\blazor\unlinked\Microsoft.Extensions.Options.dll
obj\Debug\netstandard2.1\blazor\unlinked\Microsoft.Extensions.Configuration.dll
obj\Debug\netstandard2.1\blazor\unlinked\Microsoft.Extensions.Logging.Abstractions.dll
obj\Debug\netstandard2.1\blazor\unlinked\Microsoft.Extensions.Logging.dll
obj\Debug\netstandard2.1\blazor\unlinked\Microsoft.Extensions.DependencyInjection.dll
obj\Debug\netstandard2.1\blazor\unlinked\System.Text.Json.dll
obj\Debug\netstandard2.1\blazor\unlinked\System.Buffers.dll
obj\Debug\netstandard2.1\blazor\unlinked\Microsoft.Bcl.AsyncInterfaces.dll
obj\Debug\netstandard2.1\blazor\unlinked\System.Threading.Tasks.Extensions.dll
obj\Debug\netstandard2.1\blazor\unlinked\System.Numerics.Vectors.dll
obj\Debug\netstandard2.1\blazor\unlinked\System.Text.Encodings.Web.dll
obj\Debug\netstandard2.1\blazor\unlinked\Microsoft.EntityFrameworkCore.Cosmos.dll
obj\Debug\netstandard2.1\blazor\unlinked\Microsoft.EntityFrameworkCore.Abstractions.dll
obj\Debug\netstandard2.1\blazor\unlinked\Microsoft.Bcl.HashCode.dll
obj\Debug\netstandard2.1\blazor\unlinked\Newtonsoft.Json.dll
obj\Debug\netstandard2.1\blazor\unlinked\Microsoft.CSharp.dll
obj\Debug\netstandard2.1\blazor\unlinked\System.Text.Encoding.Extensions.dll
obj\Debug\netstandard2.1\blazor\unlinked\System.Reflection.Primitives.dll
obj\Debug\netstandard2.1\blazor\unlinked\System.Reflection.Extensions.dll
obj\Debug\netstandard2.1\blazor\unlinked\System.Threading.dll
obj\Debug\netstandard2.1\blazor\unlinked\System.Runtime.Extensions.dll
obj\Debug\netstandard2.1\blazor\unlinked\System.Text.Encoding.dll
obj\Debug\netstandard2.1\blazor\unlinked\System.Xml.ReaderWriter.dll
obj\Debug\netstandard2.1\blazor\unlinked\System.Text.RegularExpressions.dll
obj\Debug\netstandard2.1\blazor\unlinked\System.ObjectModel.dll
obj\Debug\netstandard2.1\blazor\unlinked\System.Runtime.Serialization.Formatters.dll
obj\Debug\netstandard2.1\blazor\unlinked\System.Linq.dll
obj\Debug\netstandard2.1\blazor\unlinked\System.Linq.Expressions.dll
obj\Debug\netstandard2.1\blazor\unlinked\System.Dynamic.Runtime.dll
obj\Debug\netstandard2.1\blazor\unlinked\System.ComponentModel.TypeConverter.dll
obj\Debug\netstandard2.1\blazor\unlinked\System.Reflection.dll
obj\Debug\netstandard2.1\blazor\unlinked\System.Runtime.Serialization.Primitives.dll
obj\Debug\netstandard2.1\blazor\unlinked\System.Diagnostics.Debug.dll
obj\Debug\netstandard2.1\blazor\unlinked\System.Threading.Tasks.dll
obj\Debug\netstandard2.1\blazor\unlinked\System.Globalization.dll
obj\Debug\netstandard2.1\blazor\unlinked\System.Collections.dll
obj\Debug\netstandard2.1\blazor\unlinked\System.Xml.XDocument.dll
obj\Debug\netstandard2.1\blazor\unlinked\System.Xml.XmlDocument.dll
obj\Debug\netstandard2.1\blazor\unlinked\System.Runtime.Numerics.dll
obj\Debug\netstandard2.1\blazor\unlinked\System.IO.dll
obj\Debug\netstandard2.1\blazor\unlinked\System.Runtime.dll
obj\Debug\netstandard2.1\blazor\unlinked\Microsoft.Azure.Cosmos.Client.dll
obj\Debug\netstandard2.1\blazor\unlinked\System.Configuration.ConfigurationManager.dll
obj\Debug\netstandard2.1\blazor\unlinked\System.Security.Cryptography.ProtectedData.dll
obj\Debug\netstandard2.1\blazor\unlinked\System.Security.dll
obj\Debug\netstandard2.1\blazor\unlinked\System.Security.Permissions.dll
obj\Debug\netstandard2.1\blazor\unlinked\System.Security.AccessControl.dll
obj\Debug\netstandard2.1\blazor\unlinked\Microsoft.Azure.Cosmos.Core.dll
obj\Debug\netstandard2.1\blazor\unlinked\Microsoft.Azure.Cosmos.Serialization.HybridRow.dll
obj\Debug\netstandard2.1\blazor\unlinked\Microsoft.Azure.Cosmos.Direct.dll
obj\Debug\netstandard2.1\blazor\unlinked\Microsoft.EntityFrameworkCore.dll
obj\Debug\netstandard2.1\blazor\unlinked\Microsoft.Extensions.Caching.Memory.dll
obj\Debug\netstandard2.1\blazor\unlinked\Microsoft.Extensions.Caching.Abstractions.dll
obj\Debug\netstandard2.1\blazor\unlinked\System.Diagnostics.DiagnosticSource.dll
obj\Debug\netstandard2.1\blazor\unlinked\System.Collections.Concurrent.dll
obj\Debug\netstandard2.1\blazor\unlinked\System.Diagnostics.Tracing.dll
obj\Debug\netstandard2.1\blazor\unlinked\System.Resources.ResourceManager.dll
obj\Debug\netstandard2.1\blazor\unlinked\System.Runtime.InteropServices.dll
obj\Debug\netstandard2.1\blazor\unlinked\System.Collections.Immutable.dll
obj\Debug\netstandard2.1\blazor\unlinked\System.ComponentModel.Annotations.dll
obj\Debug\netstandard2.1\blazor\unlinked\System.ComponentModel.DataAnnotations.dll
obj\Debug\netstandard2.1\blazor\unlinked\BlazorPro.Spinkit.dll
obj\Debug\netstandard2.1\blazor\unlinked\BlazorComponentUtilities.dll
obj\Debug\netstandard2.1\blazor\unlinked\Microsoft.AspNetCore.Components.dll
obj\Debug\netstandard2.1\blazor\unlinked\DnsClient.dll
obj\Debug\netstandard2.1\blazor\unlinked\Microsoft.AspNetCore.Components.Web.dll
obj\Debug\netstandard2.1\blazor\unlinked\Microsoft.AspNetCore.Components.Forms.dll
obj\Debug\netstandard2.1\blazor\unlinked\Microsoft.JSInterop.dll
obj\Debug\netstandard2.1\blazor\unlinked\Blazored.LocalStorage.dll
obj\Debug\netstandard2.1\blazor\unlinked\Microsoft.AspNetCore.Components.WebAssembly.dll
obj\Debug\netstandard2.1\blazor\unlinked\Microsoft.Extensions.Configuration.Json.dll
obj\Debug\netstandard2.1\blazor\unlinked\Microsoft.Extensions.Configuration.FileExtensions.dll
obj\Debug\netstandard2.1\blazor\unlinked\Microsoft.Extensions.FileProviders.Physical.dll
obj\Debug\netstandard2.1\blazor\unlinked\Microsoft.Extensions.FileSystemGlobbing.dll
obj\Debug\netstandard2.1\blazor\unlinked\Microsoft.Extensions.FileProviders.Abstractions.dll
obj\Debug\netstandard2.1\blazor\unlinked\Microsoft.JSInterop.WebAssembly.dll
obj\Debug\netstandard2.1\blazor\unlinked\Switchel_PWA.pdb
